/lustre/umt3/user/guhitj/Gitlab/netbasilisk/XRootD/AGLT2/Scripts/IndEnv/env/lib64/python3.6/site-packages/pandas/core/generic.py:3889: PerformanceWarning: dropping on a non-lexsorted multi-index without a level parameter may impact performance.
  obj = obj._drop_axis(labels, axis, level=level, errors=errors)
/lustre/umt3/user/guhitj/Gitlab/netbasilisk/XRootD/AGLT2/Scripts/IndEnv/env/lib64/python3.6/site-packages/pandas/core/generic.py:3889: PerformanceWarning: dropping on a non-lexsorted multi-index without a level parameter may impact performance.
  obj = obj._drop_axis(labels, axis, level=level, errors=errors)
/lustre/umt3/user/guhitj/Gitlab/netbasilisk/XRootD/AGLT2/Scripts/IndEnv/env/lib64/python3.6/site-packages/pandas/core/generic.py:3889: PerformanceWarning: dropping on a non-lexsorted multi-index without a level parameter may impact performance.
  obj = obj._drop_axis(labels, axis, level=level, errors=errors)
/lustre/umt3/user/guhitj/Gitlab/netbasilisk/XRootD/AGLT2/Scripts/IndEnv/env/lib64/python3.6/site-packages/pandas/core/generic.py:3889: PerformanceWarning: dropping on a non-lexsorted multi-index without a level parameter may impact performance.
  obj = obj._drop_axis(labels, axis, level=level, errors=errors)
/lustre/umt3/user/guhitj/Gitlab/netbasilisk/XRootD/AGLT2/Scripts/IndEnv/env/lib64/python3.6/site-packages/pandas/core/generic.py:3889: PerformanceWarning: dropping on a non-lexsorted multi-index without a level parameter may impact performance.
  obj = obj._drop_axis(labels, axis, level=level, errors=errors)
/lustre/umt3/user/guhitj/Gitlab/netbasilisk/XRootD/AGLT2/Scripts/IndEnv/env/lib64/python3.6/site-packages/pandas/core/generic.py:3889: PerformanceWarning: dropping on a non-lexsorted multi-index without a level parameter may impact performance.
  obj = obj._drop_axis(labels, axis, level=level, errors=errors)
/lustre/umt3/user/guhitj/Gitlab/netbasilisk/XRootD/AGLT2/Scripts/IndEnv/env/lib64/python3.6/site-packages/pandas/core/generic.py:3889: PerformanceWarning: dropping on a non-lexsorted multi-index without a level parameter may impact performance.
  obj = obj._drop_axis(labels, axis, level=level, errors=errors)
/lustre/umt3/user/guhitj/Gitlab/netbasilisk/XRootD/AGLT2/Scripts/IndEnv/env/lib64/python3.6/site-packages/pandas/core/generic.py:3889: PerformanceWarning: dropping on a non-lexsorted multi-index without a level parameter may impact performance.
  obj = obj._drop_axis(labels, axis, level=level, errors=errors)
/lustre/umt3/user/guhitj/Gitlab/netbasilisk/XRootD/AGLT2/Scripts/IndEnv/env/lib64/python3.6/site-packages/pandas/core/generic.py:3889: PerformanceWarning: dropping on a non-lexsorted multi-index without a level parameter may impact performance.
  obj = obj._drop_axis(labels, axis, level=level, errors=errors)
/lustre/umt3/user/guhitj/Gitlab/netbasilisk/XRootD/AGLT2/Scripts/IndEnv/env/lib64/python3.6/site-packages/pandas/core/generic.py:3889: PerformanceWarning: dropping on a non-lexsorted multi-index without a level parameter may impact performance.
  obj = obj._drop_axis(labels, axis, level=level, errors=errors)
/lustre/umt3/user/guhitj/Gitlab/netbasilisk/XRootD/AGLT2/Scripts/IndEnv/env/lib64/python3.6/site-packages/pandas/core/generic.py:3889: PerformanceWarning: dropping on a non-lexsorted multi-index without a level parameter may impact performance.
  obj = obj._drop_axis(labels, axis, level=level, errors=errors)
/lustre/umt3/user/guhitj/Gitlab/netbasilisk/XRootD/AGLT2/Scripts/IndEnv/env/lib64/python3.6/site-packages/pandas/core/generic.py:3889: PerformanceWarning: dropping on a non-lexsorted multi-index without a level parameter may impact performance.
  obj = obj._drop_axis(labels, axis, level=level, errors=errors)
Path exists:  /afs/atlas.umich.edu/home/ckmerz/IndEnv/EnvironmentMonitoring/Scripts/newAGLT2/Output/Output_20220510_1334/Raw/AGLT2_CHI
===line=== 620d46c684eff80106ffc4b5769f77e9f658cc7c3ee3cd847261da09570167f3
Request is good
et-1/0/1
sw2.star.omnipop.btaa.org
                   0
Input min   1.385462
      max   1.533034
      mean  1.430575
      std   0.060113
Path and file exists /afs/atlas.umich.edu/home/ckmerz/IndEnv/EnvironmentMonitoring/Scripts/newAGLT2/Output/Output_20220510_1334/Raw/AGLT2_CHI/AGLT2_CHI_input_0.csv
                    0
Output min   0.558984
       max   1.255104
       mean  0.888290
       std   0.331636
Path and file exists /afs/atlas.umich.edu/home/ckmerz/IndEnv/EnvironmentMonitoring/Scripts/newAGLT2/Output/Output_20220510_1334/Raw/AGLT2_CHI/AGLT2_CHI_output_0.csv
===line=== 696e977330667f44c13ffe5364446c96a2fa4cc9137b9e5ddbd23605bf489e12
Request is good
et-0/0/0
sw2.star.omnipop.btaa.org
                   0
Input min   0.045580
      max   0.059198
      mean  0.052466
      std   0.005907
Path and file exists /afs/atlas.umich.edu/home/ckmerz/IndEnv/EnvironmentMonitoring/Scripts/newAGLT2/Output/Output_20220510_1334/Raw/AGLT2_CHI/AGLT2_CHI_input_1.csv
                    0
Output min   0.109607
       max   0.115119
       mean  0.112101
       std   0.002054
Path and file exists /afs/atlas.umich.edu/home/ckmerz/IndEnv/EnvironmentMonitoring/Scripts/newAGLT2/Output/Output_20220510_1334/Raw/AGLT2_CHI/AGLT2_CHI_output_1.csv
===line=== fa5373adef061fa051ef458a8e028a84749385edb16955537eac43712b6ef72b
Request is good
et-1/0/0
sw2.star.omnipop.btaa.org
                   0
Input min   0.046198
      max   0.064358
      mean  0.054039
      std   0.008428
Path and file exists /afs/atlas.umich.edu/home/ckmerz/IndEnv/EnvironmentMonitoring/Scripts/newAGLT2/Output/Output_20220510_1334/Raw/AGLT2_CHI/AGLT2_CHI_input_2.csv
                    0
Output min   0.089843
       max   0.149743
       mean  0.119083
       std   0.026043
Path and file exists /afs/atlas.umich.edu/home/ckmerz/IndEnv/EnvironmentMonitoring/Scripts/newAGLT2/Output/Output_20220510_1334/Raw/AGLT2_CHI/AGLT2_CHI_output_2.csv
===line=== 939820268eaf905fae19a951a9bd73af2834017d0d2744229d71608b47afdf1c
Request is good
et-0/1/0
sw2.star.omnipop.btaa.org
                   0
Input min   0.214478
      max   0.787606
      mean  0.491503
      std   0.241359
Path and file exists /afs/atlas.umich.edu/home/ckmerz/IndEnv/EnvironmentMonitoring/Scripts/newAGLT2/Output/Output_20220510_1334/Raw/AGLT2_CHI/AGLT2_CHI_input_3.csv
                    0
Output min   0.694212
       max   0.873548
       mean  0.765791
       std   0.066571
Path and file exists /afs/atlas.umich.edu/home/ckmerz/IndEnv/EnvironmentMonitoring/Scripts/newAGLT2/Output/Output_20220510_1334/Raw/AGLT2_CHI/AGLT2_CHI_output_3.csv
===line=== d3947c64aa4ebd202cff06fb9c5e6badf51296db72ab3ba8ff01f35811d423ae
Request is good
et-0/1/0
sw2.600wchicag.omnipop.btaa.org
                   0
Input min   0.510715
      max   2.057252
      mean  0.901681
      std   0.668297
Path and file exists /afs/atlas.umich.edu/home/ckmerz/IndEnv/EnvironmentMonitoring/Scripts/newAGLT2/Output/Output_20220510_1334/Raw/AGLT2_CHI/AGLT2_CHI_input_4.csv
                    0
Output min   1.117189
       max   1.411659
       mean  1.264261
       std   0.114757
Path and file exists /afs/atlas.umich.edu/home/ckmerz/IndEnv/EnvironmentMonitoring/Scripts/newAGLT2/Output/Output_20220510_1334/Raw/AGLT2_CHI/AGLT2_CHI_output_4.csv
===line=== 1dd502cdcfac422ff031a6f097ef8385c7b4078b4a4b19081bb39c0dd86ddae7
Request is good
et-1/0/2
sw2.600wchicag.omnipop.btaa.org
                   0
Input min   0.452518
      max   2.324462
      mean  1.001994
      std   0.796611
Path and file exists /afs/atlas.umich.edu/home/ckmerz/IndEnv/EnvironmentMonitoring/Scripts/newAGLT2/Output/Output_20220510_1334/Raw/AGLT2_CHI/AGLT2_CHI_input_5.csv
                    0
Output min   0.991107
       max   1.342349
       mean  1.159860
       std   0.149877
Path and file exists /afs/atlas.umich.edu/home/ckmerz/IndEnv/EnvironmentMonitoring/Scripts/newAGLT2/Output/Output_20220510_1334/Raw/AGLT2_CHI/AGLT2_CHI_output_5.csv
