/lustre/umt3/user/guhitj/Gitlab/netbasilisk/XRootD/AGLT2/Scripts/IndEnv/env/lib64/python3.6/site-packages/pandas/core/generic.py:3889: PerformanceWarning: dropping on a non-lexsorted multi-index without a level parameter may impact performance.
  obj = obj._drop_axis(labels, axis, level=level, errors=errors)
/lustre/umt3/user/guhitj/Gitlab/netbasilisk/XRootD/AGLT2/Scripts/IndEnv/env/lib64/python3.6/site-packages/pandas/core/generic.py:3889: PerformanceWarning: dropping on a non-lexsorted multi-index without a level parameter may impact performance.
  obj = obj._drop_axis(labels, axis, level=level, errors=errors)
/lustre/umt3/user/guhitj/Gitlab/netbasilisk/XRootD/AGLT2/Scripts/IndEnv/env/lib64/python3.6/site-packages/pandas/core/generic.py:3889: PerformanceWarning: dropping on a non-lexsorted multi-index without a level parameter may impact performance.
  obj = obj._drop_axis(labels, axis, level=level, errors=errors)
/lustre/umt3/user/guhitj/Gitlab/netbasilisk/XRootD/AGLT2/Scripts/IndEnv/env/lib64/python3.6/site-packages/pandas/core/generic.py:3889: PerformanceWarning: dropping on a non-lexsorted multi-index without a level parameter may impact performance.
  obj = obj._drop_axis(labels, axis, level=level, errors=errors)
/lustre/umt3/user/guhitj/Gitlab/netbasilisk/XRootD/AGLT2/Scripts/IndEnv/env/lib64/python3.6/site-packages/pandas/core/generic.py:3889: PerformanceWarning: dropping on a non-lexsorted multi-index without a level parameter may impact performance.
  obj = obj._drop_axis(labels, axis, level=level, errors=errors)
/lustre/umt3/user/guhitj/Gitlab/netbasilisk/XRootD/AGLT2/Scripts/IndEnv/env/lib64/python3.6/site-packages/pandas/core/generic.py:3889: PerformanceWarning: dropping on a non-lexsorted multi-index without a level parameter may impact performance.
  obj = obj._drop_axis(labels, axis, level=level, errors=errors)
/lustre/umt3/user/guhitj/Gitlab/netbasilisk/XRootD/AGLT2/Scripts/IndEnv/env/lib64/python3.6/site-packages/pandas/core/generic.py:3889: PerformanceWarning: dropping on a non-lexsorted multi-index without a level parameter may impact performance.
  obj = obj._drop_axis(labels, axis, level=level, errors=errors)
/lustre/umt3/user/guhitj/Gitlab/netbasilisk/XRootD/AGLT2/Scripts/IndEnv/env/lib64/python3.6/site-packages/pandas/core/generic.py:3889: PerformanceWarning: dropping on a non-lexsorted multi-index without a level parameter may impact performance.
  obj = obj._drop_axis(labels, axis, level=level, errors=errors)
/lustre/umt3/user/guhitj/Gitlab/netbasilisk/XRootD/AGLT2/Scripts/IndEnv/env/lib64/python3.6/site-packages/pandas/core/generic.py:3889: PerformanceWarning: dropping on a non-lexsorted multi-index without a level parameter may impact performance.
  obj = obj._drop_axis(labels, axis, level=level, errors=errors)
/lustre/umt3/user/guhitj/Gitlab/netbasilisk/XRootD/AGLT2/Scripts/IndEnv/env/lib64/python3.6/site-packages/pandas/core/generic.py:3889: PerformanceWarning: dropping on a non-lexsorted multi-index without a level parameter may impact performance.
  obj = obj._drop_axis(labels, axis, level=level, errors=errors)
/lustre/umt3/user/guhitj/Gitlab/netbasilisk/XRootD/AGLT2/Scripts/IndEnv/env/lib64/python3.6/site-packages/pandas/core/generic.py:3889: PerformanceWarning: dropping on a non-lexsorted multi-index without a level parameter may impact performance.
  obj = obj._drop_axis(labels, axis, level=level, errors=errors)
/lustre/umt3/user/guhitj/Gitlab/netbasilisk/XRootD/AGLT2/Scripts/IndEnv/env/lib64/python3.6/site-packages/pandas/core/generic.py:3889: PerformanceWarning: dropping on a non-lexsorted multi-index without a level parameter may impact performance.
  obj = obj._drop_axis(labels, axis, level=level, errors=errors)
Path exists:  /afs/atlas.umich.edu/home/ckmerz/IndEnv/EnvironmentMonitoring/Scripts/newAGLT2/Output/Output_20220511_1711/Raw/AGLT2_CHI
===line=== 620d46c684eff80106ffc4b5769f77e9f658cc7c3ee3cd847261da09570167f3
Request is good
et-1/0/1
sw2.star.omnipop.btaa.org
                   0
Input min   0.586528
      max   0.740038
      mean  0.634332
      std   0.071952
Path and file exists /afs/atlas.umich.edu/home/ckmerz/IndEnv/EnvironmentMonitoring/Scripts/newAGLT2/Output/Output_20220511_1711/Raw/AGLT2_CHI/AGLT2_CHI_input_0.csv
                    0
Output min   0.521595
       max   0.665333
       mean  0.590885
       std   0.063976
Path and file exists /afs/atlas.umich.edu/home/ckmerz/IndEnv/EnvironmentMonitoring/Scripts/newAGLT2/Output/Output_20220511_1711/Raw/AGLT2_CHI/AGLT2_CHI_output_0.csv
===line=== 696e977330667f44c13ffe5364446c96a2fa4cc9137b9e5ddbd23605bf489e12
Request is good
et-0/0/0
sw2.star.omnipop.btaa.org
                   0
Input min   0.048979
      max   0.052939
      mean  0.051147
      std   0.002085
Path and file exists /afs/atlas.umich.edu/home/ckmerz/IndEnv/EnvironmentMonitoring/Scripts/newAGLT2/Output/Output_20220511_1711/Raw/AGLT2_CHI/AGLT2_CHI_input_1.csv
                    0
Output min   0.080333
       max   0.091311
       mean  0.084552
       std   0.004718
Path and file exists /afs/atlas.umich.edu/home/ckmerz/IndEnv/EnvironmentMonitoring/Scripts/newAGLT2/Output/Output_20220511_1711/Raw/AGLT2_CHI/AGLT2_CHI_output_1.csv
===line=== fa5373adef061fa051ef458a8e028a84749385edb16955537eac43712b6ef72b
Request is good
et-1/0/0
sw2.star.omnipop.btaa.org
                   0
Input min   0.058313
      max   0.069962
      mean  0.063594
      std   0.005119
Path and file exists /afs/atlas.umich.edu/home/ckmerz/IndEnv/EnvironmentMonitoring/Scripts/newAGLT2/Output/Output_20220511_1711/Raw/AGLT2_CHI/AGLT2_CHI_input_2.csv
                    0
Output min   0.086697
       max   0.090979
       mean  0.088715
       std   0.001967
Path and file exists /afs/atlas.umich.edu/home/ckmerz/IndEnv/EnvironmentMonitoring/Scripts/newAGLT2/Output/Output_20220511_1711/Raw/AGLT2_CHI/AGLT2_CHI_output_2.csv
===line=== 939820268eaf905fae19a951a9bd73af2834017d0d2744229d71608b47afdf1c
Request is good
et-0/1/0
sw2.star.omnipop.btaa.org
                   0
Input min   2.159701
      max   2.657425
      mean  2.441011
      std   0.206631
Path and file exists /afs/atlas.umich.edu/home/ckmerz/IndEnv/EnvironmentMonitoring/Scripts/newAGLT2/Output/Output_20220511_1711/Raw/AGLT2_CHI/AGLT2_CHI_input_3.csv
                    0
Output min   0.075964
       max   0.106929
       mean  0.088835
       std   0.014415
Path and file exists /afs/atlas.umich.edu/home/ckmerz/IndEnv/EnvironmentMonitoring/Scripts/newAGLT2/Output/Output_20220511_1711/Raw/AGLT2_CHI/AGLT2_CHI_output_3.csv
===line=== d3947c64aa4ebd202cff06fb9c5e6badf51296db72ab3ba8ff01f35811d423ae
Request is good
et-0/1/0
sw2.600wchicag.omnipop.btaa.org
                   0
Input min   1.146314
      max   1.600070
      mean  1.332030
      std   0.224176
Path and file exists /afs/atlas.umich.edu/home/ckmerz/IndEnv/EnvironmentMonitoring/Scripts/newAGLT2/Output/Output_20220511_1711/Raw/AGLT2_CHI/AGLT2_CHI_input_4.csv
                    0
Output min   2.606426
       max   3.204015
       mean  2.906454
       std   0.263025
Path and file exists /afs/atlas.umich.edu/home/ckmerz/IndEnv/EnvironmentMonitoring/Scripts/newAGLT2/Output/Output_20220511_1711/Raw/AGLT2_CHI/AGLT2_CHI_output_4.csv
===line=== 1dd502cdcfac422ff031a6f097ef8385c7b4078b4a4b19081bb39c0dd86ddae7
Request is good
et-1/0/2
sw2.600wchicag.omnipop.btaa.org
                   0
Input min   1.203771
      max   1.836504
      mean  1.445504
      std   0.295645
Path and file exists /afs/atlas.umich.edu/home/ckmerz/IndEnv/EnvironmentMonitoring/Scripts/newAGLT2/Output/Output_20220511_1711/Raw/AGLT2_CHI/AGLT2_CHI_input_5.csv
                    0
Output min   2.832845
       max   3.156484
       mean  2.984137
       std   0.134183
Path and file exists /afs/atlas.umich.edu/home/ckmerz/IndEnv/EnvironmentMonitoring/Scripts/newAGLT2/Output/Output_20220511_1711/Raw/AGLT2_CHI/AGLT2_CHI_output_5.csv
